#
# There is insufficient memory for the Java Runtime Environment to continue.
# Native memory allocation (malloc) failed to allocate 934576 bytes for Chunk::new
# Possible reasons:
#   The system is out of physical RAM or swap space
#   The process is running with CompressedOops enabled, and the Java Heap may be blocking the growth of the native heap
# Possible solutions:
#   Reduce memory load on the system
#   Increase physical memory or swap space
#   Check if swap backing store is full
#   Decrease Java heap size (-Xmx/-Xms)
#   Decrease number of Java threads
#   Decrease Java thread stack sizes (-Xss)
#   Set larger code cache with -XX:ReservedCodeCacheSize=
#   JVM is running with Unscaled Compressed Oops mode in which the Java heap is
#     placed in the first 4GB address space. The Java Heap base address is the
#     maximum limit for the native heap growth. Please use -XX:HeapBaseMinAddress
#     to set the Java Heap base and to place the Java Heap above 4GB virtual address.
# This output file may be truncated or incomplete.
#
#  Out of Memory Error (./src/hotspot/share/memory/arena.cpp:197), pid=18524, tid=14648
#
# JRE version: OpenJDK Runtime Environment (11.0.12+7) (build 11.0.12+7-b1504.28-7817840)
# Java VM: OpenJDK 64-Bit Server VM (11.0.12+7-b1504.28-7817840, mixed mode, tiered, compressed oops, g1 gc, windows-amd64)
# No core dump will be written. Minidumps are not enabled by default on client versions of Windows
#

---------------  S U M M A R Y ------------

Command Line: --add-opens=java.base/java.util=ALL-UNNAMED --add-opens=java.base/java.lang=ALL-UNNAMED --add-opens=java.base/java.lang.invoke=ALL-UNNAMED --add-opens=java.base/java.util=ALL-UNNAMED --add-opens=java.prefs/java.util.prefs=ALL-UNNAMED --add-opens=java.prefs/java.util.prefs=ALL-UNNAMED --add-opens=java.base/java.nio.charset=ALL-UNNAMED --add-opens=java.base/java.net=ALL-UNNAMED --add-opens=java.base/java.util.concurrent.atomic=ALL-UNNAMED -Xmx1536M -Dfile.encoding=windows-1252 -Duser.country=IN -Duser.language=en -Duser.variant org.gradle.launcher.daemon.bootstrap.GradleDaemon 7.0.2

Host: Intel(R) Core(TM) i5-8250U CPU @ 1.60GHz, 8 cores, 3G,  Windows 10 , 64 bit Build 22000 (10.0.22000.1335)
Time: Mon Apr  3 21:25:01 2023 India Standard Time elapsed time: 167.756457 seconds (0d 0h 2m 47s)

---------------  T H R E A D  ---------------

Current thread (0x0000023ab6132800):  JavaThread "C2 CompilerThread0" daemon [_thread_in_native, id=14648, stack(0x000000a3ff700000,0x000000a3ff800000)]


Current CompileTask:
C2: 167762 5556       4       java.util.jar.JarFile::getManifest (5 bytes)

Stack: [0x000000a3ff700000,0x000000a3ff800000]
Native frames: (J=compiled Java code, j=interpreted, Vv=VM code, C=native code)
V  [jvm.dll+0x5fbcea]
V  [jvm.dll+0x731905]
V  [jvm.dll+0x732f1d]
V  [jvm.dll+0x7335d3]
V  [jvm.dll+0x247bf8]
V  [jvm.dll+0xc018c]
V  [jvm.dll+0xc06cc]
V  [jvm.dll+0x35b2db]
V  [jvm.dll+0x328803]
V  [jvm.dll+0x327cfa]
V  [jvm.dll+0x200602]
V  [jvm.dll+0x1ff794]
V  [jvm.dll+0x18868c]
V  [jvm.dll+0x20e0d7]
V  [jvm.dll+0x20c901]
V  [jvm.dll+0x6f9b7f]
V  [jvm.dll+0x6f26a5]
V  [jvm.dll+0x5fabf6]
C  [ucrtbase.dll+0x26c0c]
C  [KERNEL32.DLL+0x155a0]
C  [ntdll.dll+0x485b]


---------------  P R O C E S S  ---------------

Threads class SMR info:
_java_thread_list=0x0000023ab9376e90, length=50, elements={
0x0000023a9cfbe800, 0x0000023ab610c000, 0x0000023ab6117800, 0x0000023ab612c000,
0x0000023ab612d000, 0x0000023ab612e800, 0x0000023ab6132800, 0x0000023ab6133800,
0x0000023ab613a800, 0x0000023ab6bf9000, 0x0000023ab79d3000, 0x0000023ab7cc6000,
0x0000023ab80d3000, 0x0000023ab7e4e000, 0x0000023ab733e800, 0x0000023ab733f000,
0x0000023ab6fdb000, 0x0000023ab6fdb800, 0x0000023ab6b9d000, 0x0000023ab79b6800,
0x0000023ab79b7000, 0x0000023ab79b8000, 0x0000023ab79b3000, 0x0000023ab79b9800,
0x0000023ab79b9000, 0x0000023ab79b4000, 0x0000023ab79b4800, 0x0000023ab79b5800,
0x0000023ab8e7a000, 0x0000023ab8e7c800, 0x0000023ab8e77800, 0x0000023ab8e7b000,
0x0000023ab8e7b800, 0x0000023ab8e7d000, 0x0000023ab8e78800, 0x0000023ab8e84800,
0x0000023ab8e82000, 0x0000023ab8e80800, 0x0000023ab8e83800, 0x0000023ab8e83000,
0x0000023ab8e81800, 0x0000023ab8e7f000, 0x0000023ab8e86000, 0x0000023ab8e85800,
0x0000023ab862d800, 0x0000023ab862f000, 0x0000023ab862c800, 0x0000023ab862e000,
0x0000023ab862b800, 0x0000023ab8633000
}

Java Threads: ( => current thread )
  0x0000023a9cfbe800 JavaThread "main" [_thread_blocked, id=16244, stack(0x000000a3feb00000,0x000000a3fec00000)]
  0x0000023ab610c000 JavaThread "Reference Handler" daemon [_thread_blocked, id=12812, stack(0x000000a3ff200000,0x000000a3ff300000)]
  0x0000023ab6117800 JavaThread "Finalizer" daemon [_thread_blocked, id=844, stack(0x000000a3ff300000,0x000000a3ff400000)]
  0x0000023ab612c000 JavaThread "Signal Dispatcher" daemon [_thread_blocked, id=11588, stack(0x000000a3ff400000,0x000000a3ff500000)]
  0x0000023ab612d000 JavaThread "Attach Listener" daemon [_thread_blocked, id=21012, stack(0x000000a3ff500000,0x000000a3ff600000)]
  0x0000023ab612e800 JavaThread "Service Thread" daemon [_thread_blocked, id=14636, stack(0x000000a3ff600000,0x000000a3ff700000)]
=>0x0000023ab6132800 JavaThread "C2 CompilerThread0" daemon [_thread_in_native, id=14648, stack(0x000000a3ff700000,0x000000a3ff800000)]
  0x0000023ab6133800 JavaThread "C1 CompilerThread0" daemon [_thread_blocked, id=14884, stack(0x000000a3ff800000,0x000000a3ff900000)]
  0x0000023ab613a800 JavaThread "Sweeper thread" daemon [_thread_blocked, id=17132, stack(0x000000a3ff900000,0x000000a3ffa00000)]
  0x0000023ab6bf9000 JavaThread "Common-Cleaner" daemon [_thread_blocked, id=5080, stack(0x000000a3ffa00000,0x000000a3ffb00000)]
  0x0000023ab79d3000 JavaThread "Daemon health stats" [_thread_blocked, id=6768, stack(0x000000a3ffd00000,0x000000a3ffe00000)]
  0x0000023ab7cc6000 JavaThread "Incoming local TCP Connector on port 59317" [_thread_in_native, id=1400, stack(0x000000a380000000,0x000000a380100000)]
  0x0000023ab80d3000 JavaThread "Daemon periodic checks" [_thread_blocked, id=6268, stack(0x000000a380100000,0x000000a380200000)]
  0x0000023ab7e4e000 JavaThread "Daemon" [_thread_blocked, id=17996, stack(0x000000a380200000,0x000000a380300000)]
  0x0000023ab733e800 JavaThread "Handler for socket connection from /127.0.0.1:59317 to /127.0.0.1:59318" [_thread_in_native, id=20460, stack(0x000000a380300000,0x000000a380400000)]
  0x0000023ab733f000 JavaThread "Cancel handler" [_thread_blocked, id=2324, stack(0x000000a380400000,0x000000a380500000)]
  0x0000023ab6fdb000 JavaThread "Daemon worker" [_thread_blocked, id=20284, stack(0x000000a380500000,0x000000a380600000)]
  0x0000023ab6fdb800 JavaThread "Asynchronous log dispatcher for DefaultDaemonConnection: socket connection from /127.0.0.1:59317 to /127.0.0.1:59318" [_thread_blocked, id=8904, stack(0x000000a380600000,0x000000a380700000)]
  0x0000023ab6b9d000 JavaThread "Stdin handler" [_thread_blocked, id=6208, stack(0x000000a380700000,0x000000a380800000)]
  0x0000023ab79b6800 JavaThread "Daemon client event forwarder" [_thread_blocked, id=1208, stack(0x000000a380800000,0x000000a380900000)]
  0x0000023ab79b7000 JavaThread "Cache worker for file hash cache (C:\Users\fidah\.gradle\caches\7.0.2\fileHashes)" [_thread_blocked, id=7812, stack(0x000000a380d00000,0x000000a380e00000)]
  0x0000023ab79b8000 JavaThread "File lock request listener" [_thread_in_native, id=9716, stack(0x000000a381000000,0x000000a381100000)]
  0x0000023ab79b3000 JavaThread "Cache worker for journal cache (C:\Users\fidah\.gradle\caches\journal-1)" [_thread_blocked, id=8092, stack(0x000000a381200000,0x000000a381300000)]
  0x0000023ab79b9800 JavaThread "Cache worker for file hash cache (C:\Users\fidah\AndroidStudioProjects\mi_card_flutter_2\android\.gradle\7.0.2\fileHashes)" [_thread_blocked, id=5748, stack(0x000000a381300000,0x000000a381400000)]
  0x0000023ab79b9000 JavaThread "File watcher server" daemon [_thread_in_native, id=20864, stack(0x000000a381400000,0x000000a381500000)]
  0x0000023ab79b4000 JavaThread "File watcher consumer" daemon [_thread_blocked, id=21004, stack(0x000000a381500000,0x000000a381600000)]
  0x0000023ab79b4800 JavaThread "Cache worker for checksums cache (C:\Users\fidah\AndroidStudioProjects\mi_card_flutter_2\android\.gradle\checksums)" [_thread_blocked, id=10324, stack(0x000000a381600000,0x000000a381700000)]
  0x0000023ab79b5800 JavaThread "Cache worker for cache directory md-supplier (C:\Users\fidah\.gradle\caches\7.0.2\md-supplier)" [_thread_blocked, id=16432, stack(0x000000a381700000,0x000000a381800000)]
  0x0000023ab8e7a000 JavaThread "Cache worker for cache directory md-rule (C:\Users\fidah\.gradle\caches\7.0.2\md-rule)" [_thread_blocked, id=4072, stack(0x000000a381800000,0x000000a381900000)]
  0x0000023ab8e7c800 JavaThread "Cache worker for execution history cache (C:\Users\fidah\.gradle\caches\7.0.2\executionHistory)" [_thread_blocked, id=14860, stack(0x000000a381900000,0x000000a381a00000)]
  0x0000023ab8e77800 JavaThread "File lock release action executor" [_thread_blocked, id=20324, stack(0x000000a381a00000,0x000000a381b00000)]
  0x0000023ab8e7b000 JavaThread "jar transforms" [_thread_blocked, id=11760, stack(0x000000a381b00000,0x000000a381c00000)]
  0x0000023ab8e7b800 JavaThread "jar transforms Thread 2" [_thread_blocked, id=12004, stack(0x000000a381c00000,0x000000a381d00000)]
  0x0000023ab8e7d000 JavaThread "Cache worker for file content cache (C:\Users\fidah\.gradle\caches\7.0.2\fileContent)" [_thread_blocked, id=19104, stack(0x000000a381d00000,0x000000a381e00000)]
  0x0000023ab8e78800 JavaThread "Cache worker for dependencies-accessors (C:\Users\fidah\AndroidStudioProjects\mi_card_flutter_2\android\.gradle\7.0.2\dependencies-accessors)" [_thread_blocked, id=17180, stack(0x000000a381e00000,0x000000a381f00000)]
  0x0000023ab8e84800 JavaThread "jar transforms Thread 3" [_thread_blocked, id=1152, stack(0x000000a381f00000,0x000000a382000000)]
  0x0000023ab8e82000 JavaThread "Cache worker for Build Output Cleanup Cache (C:\Users\fidah\AndroidStudioProjects\mi_card_flutter_2\android\.gradle\buildOutputCleanup)" [_thread_blocked, id=19540, stack(0x000000a382000000,0x000000a382100000)]
  0x0000023ab8e80800 JavaThread "Build operations" [_thread_blocked, id=14728, stack(0x000000a380f00000,0x000000a381000000)]
  0x0000023ab8e83800 JavaThread "Build operations Thread 2" [_thread_blocked, id=7912, stack(0x000000a382100000,0x000000a382200000)]
  0x0000023ab8e83000 JavaThread "Build operations Thread 3" [_thread_blocked, id=16216, stack(0x000000a382200000,0x000000a382300000)]
  0x0000023ab8e81800 JavaThread "Build operations Thread 4" [_thread_blocked, id=1524, stack(0x000000a382300000,0x000000a382400000)]
  0x0000023ab8e7f000 JavaThread "Build operations Thread 5" [_thread_blocked, id=20792, stack(0x000000a382400000,0x000000a382500000)]
  0x0000023ab8e86000 JavaThread "Build operations Thread 6" [_thread_blocked, id=16612, stack(0x000000a382500000,0x000000a382600000)]
  0x0000023ab8e85800 JavaThread "Build operations Thread 7" [_thread_blocked, id=1664, stack(0x000000a382600000,0x000000a382700000)]
  0x0000023ab862d800 JavaThread "Build operations Thread 8" [_thread_blocked, id=5088, stack(0x000000a382700000,0x000000a382800000)]
  0x0000023ab862f000 JavaThread "jar transforms Thread 4" [_thread_blocked, id=18924, stack(0x000000a382800000,0x000000a382900000)]
  0x0000023ab862c800 JavaThread "jar transforms Thread 5" [_thread_blocked, id=21140, stack(0x000000a382900000,0x000000a382a00000)]
  0x0000023ab862e000 JavaThread "jar transforms Thread 6" [_thread_blocked, id=18104, stack(0x000000a382a00000,0x000000a382b00000)]
  0x0000023ab862b800 JavaThread "jar transforms Thread 7" [_thread_blocked, id=8684, stack(0x000000a382b00000,0x000000a382c00000)]
  0x0000023ab8633000 JavaThread "jar transforms Thread 8" [_thread_blocked, id=15236, stack(0x000000a382c00000,0x000000a382d00000)]

Other Threads:
  0x0000023ab60e9800 VMThread "VM Thread" [stack: 0x000000a3ff100000,0x000000a3ff200000] [id=19884]
  0x0000023ab6c2a800 WatcherThread [stack: 0x000000a3ffb00000,0x000000a3ffc00000] [id=2560]
  0x0000023a9cfd9800 GCTaskThread "GC Thread#0" [stack: 0x000000a3fec00000,0x000000a3fed00000] [id=11740]
  0x0000023ab745b800 GCTaskThread "GC Thread#1" [stack: 0x000000a3ffc00000,0x000000a3ffd00000] [id=11528]
  0x0000023ab81fd800 GCTaskThread "GC Thread#2" [stack: 0x000000a3ffe00000,0x000000a3fff00000] [id=17776]
  0x0000023ab7fb5800 GCTaskThread "GC Thread#3" [stack: 0x000000a3fff00000,0x000000a400000000] [id=976]
  0x0000023ab8489800 GCTaskThread "GC Thread#4" [stack: 0x000000a380900000,0x000000a380a00000] [id=3180]
  0x0000023ab848a000 GCTaskThread "GC Thread#5" [stack: 0x000000a380a00000,0x000000a380b00000] [id=14524]
  0x0000023ab6dbc000 GCTaskThread "GC Thread#6" [stack: 0x000000a380b00000,0x000000a380c00000] [id=17756]
  0x0000023ab6dbc800 GCTaskThread "GC Thread#7" [stack: 0x000000a380c00000,0x000000a380d00000] [id=948]
  0x0000023a9d000000 ConcurrentGCThread "G1 Main Marker" [stack: 0x000000a3fed00000,0x000000a3fee00000] [id=14012]
  0x0000023a9d002800 ConcurrentGCThread "G1 Conc#0" [stack: 0x000000a3fee00000,0x000000a3fef00000] [id=18452]
  0x0000023ab7998800 ConcurrentGCThread "G1 Conc#1" [stack: 0x000000a381100000,0x000000a381200000] [id=16372]
  0x0000023a9d06c800 ConcurrentGCThread "G1 Refine#0" [stack: 0x000000a3fef00000,0x000000a3ff000000] [id=12648]
  0x0000023a9d06d800 ConcurrentGCThread "G1 Young RemSet Sampling" [stack: 0x000000a3ff000000,0x000000a3ff100000] [id=6504]

Threads with active compile tasks:
C2 CompilerThread0 169694 5556       4       java.util.jar.JarFile::getManifest (5 bytes)

VM state:at safepoint (normal execution)

VM Mutex/Monitor currently owned by a thread:  ([mutex/lock_event])
[0x0000023a9cfbbc20] Threads_lock - owner thread: 0x0000023ab60e9800
[0x0000023a9cfbaea0] Heap_lock - owner thread: 0x0000023ab6fdb000

Heap address: 0x00000000a0000000, size: 1536 MB, Compressed Oops mode: 32-bit
Narrow klass base: 0x0000000000000000, Narrow klass shift: 3
Compressed class space size: 1073741824 Address: 0x0000000100000000

Heap:
 garbage-first heap   total 78848K, used 43477K [0x00000000a0000000, 0x0000000100000000)
  region size 1024K, 2 young (2048K), 2 survivors (2048K)
 Metaspace       used 55918K, capacity 57392K, committed 57472K, reserved 1099776K
  class space    used 7019K, capacity 7502K, committed 7552K, reserved 1048576K
Heap Regions: E=young(eden), S=young(survivor), O=old, HS=humongous(starts), HC=humongous(continues), CS=collection set, F=free, A=archive, TAMS=top-at-mark-start (previous, next)
|   0|0x00000000a0000000, 0x00000000a0100000, 0x00000000a0100000|100%| O|  |TAMS 0x00000000a0100000, 0x00000000a0000000| Untracked 
|   1|0x00000000a0100000, 0x00000000a0200000, 0x00000000a0200000|100%| O|  |TAMS 0x00000000a0200000, 0x00000000a0100000| Untracked 
|   2|0x00000000a0200000, 0x00000000a0300000, 0x00000000a0300000|100%| O|  |TAMS 0x00000000a0300000, 0x00000000a0200000| Untracked 
|   3|0x00000000a0300000, 0x00000000a0400000, 0x00000000a0400000|100%|HS|  |TAMS 0x00000000a0400000, 0x00000000a0300000| Complete 
|   4|0x00000000a0400000, 0x00000000a0500000, 0x00000000a0500000|100%|HC|  |TAMS 0x00000000a0500000, 0x00000000a0400000| Complete 
|   5|0x00000000a0500000, 0x00000000a0600000, 0x00000000a0600000|100%|HC|  |TAMS 0x00000000a0600000, 0x00000000a0500000| Complete 
|   6|0x00000000a0600000, 0x00000000a0700000, 0x00000000a0700000|100%| O|  |TAMS 0x00000000a0700000, 0x00000000a0600000| Untracked 
|   7|0x00000000a0700000, 0x00000000a0800000, 0x00000000a0800000|100%| O|  |TAMS 0x00000000a0800000, 0x00000000a0700000| Untracked 
|   8|0x00000000a0800000, 0x00000000a0900000, 0x00000000a0900000|100%| O|  |TAMS 0x00000000a0900000, 0x00000000a0800000| Untracked 
|   9|0x00000000a0900000, 0x00000000a0a00000, 0x00000000a0a00000|100%| O|  |TAMS 0x00000000a0a00000, 0x00000000a0900000| Untracked 
|  10|0x00000000a0a00000, 0x00000000a0b00000, 0x00000000a0b00000|100%| O|  |TAMS 0x00000000a0b00000, 0x00000000a0a00000| Untracked 
|  11|0x00000000a0b00000, 0x00000000a0c00000, 0x00000000a0c00000|100%| O|  |TAMS 0x00000000a0c00000, 0x00000000a0b00000| Untracked 
|  12|0x00000000a0c00000, 0x00000000a0d00000, 0x00000000a0d00000|100%| O|  |TAMS 0x00000000a0d00000, 0x00000000a0c00000| Untracked 
|  13|0x00000000a0d00000, 0x00000000a0e00000, 0x00000000a0e00000|100%| O|  |TAMS 0x00000000a0e00000, 0x00000000a0d00000| Untracked 
|  14|0x00000000a0e00000, 0x00000000a0f00000, 0x00000000a0f00000|100%| O|  |TAMS 0x00000000a0f00000, 0x00000000a0e00000| Untracked 
|  15|0x00000000a0f00000, 0x00000000a1000000, 0x00000000a1000000|100%| O|  |TAMS 0x00000000a1000000, 0x00000000a0f00000| Untracked 
|  16|0x00000000a1000000, 0x00000000a1100000, 0x00000000a1100000|100%| O|  |TAMS 0x00000000a1100000, 0x00000000a1000000| Untracked 
|  17|0x00000000a1100000, 0x00000000a1200000, 0x00000000a1200000|100%| O|  |TAMS 0x00000000a1200000, 0x00000000a1100000| Untracked 
|  18|0x00000000a1200000, 0x00000000a1300000, 0x00000000a1300000|100%| O|  |TAMS 0x00000000a1300000, 0x00000000a1200000| Untracked 
|  19|0x00000000a1300000, 0x00000000a1400000, 0x00000000a1400000|100%| O|  |TAMS 0x00000000a1400000, 0x00000000a1300000| Untracked 
|  20|0x00000000a1400000, 0x00000000a1500000, 0x00000000a1500000|100%| O|  |TAMS 0x00000000a1500000, 0x00000000a1400000| Untracked 
|  21|0x00000000a1500000, 0x00000000a1600000, 0x00000000a1600000|100%| O|  |TAMS 0x00000000a1600000, 0x00000000a1500000| Untracked 
|  22|0x00000000a1600000, 0x00000000a1700000, 0x00000000a1700000|100%| O|  |TAMS 0x00000000a1700000, 0x00000000a1600000| Untracked 
|  23|0x00000000a1700000, 0x00000000a1800000, 0x00000000a1800000|100%| O|  |TAMS 0x00000000a1800000, 0x00000000a1700000| Untracked 
|  24|0x00000000a1800000, 0x00000000a1900000, 0x00000000a1900000|100%| O|  |TAMS 0x00000000a1900000, 0x00000000a1800000| Untracked 
|  25|0x00000000a1900000, 0x00000000a1a00000, 0x00000000a1a00000|100%| O|  |TAMS 0x00000000a1a00000, 0x00000000a1900000| Untracked 
|  26|0x00000000a1a00000, 0x00000000a1b00000, 0x00000000a1b00000|100%| O|  |TAMS 0x00000000a1b00000, 0x00000000a1a00000| Untracked 
|  27|0x00000000a1b00000, 0x00000000a1c00000, 0x00000000a1c00000|100%| O|  |TAMS 0x00000000a1c00000, 0x00000000a1b00000| Untracked 
|  28|0x00000000a1c00000, 0x00000000a1d00000, 0x00000000a1d00000|100%| O|  |TAMS 0x00000000a1d00000, 0x00000000a1c00000| Untracked 
|  29|0x00000000a1d00000, 0x00000000a1e00000, 0x00000000a1e00000|100%|HS|  |TAMS 0x00000000a1e00000, 0x00000000a1d00000| Complete 
|  30|0x00000000a1e00000, 0x00000000a1f00000, 0x00000000a1f00000|100%| O|  |TAMS 0x00000000a1f00000, 0x00000000a1e00000| Untracked 
|  31|0x00000000a1f00000, 0x00000000a2000000, 0x00000000a2000000|100%|HS|  |TAMS 0x00000000a2000000, 0x00000000a1f00000| Complete 
|  32|0x00000000a2000000, 0x00000000a2100000, 0x00000000a2100000|100%| O|  |TAMS 0x00000000a2100000, 0x00000000a2000000| Untracked 
|  33|0x00000000a2100000, 0x00000000a2200000, 0x00000000a2200000|100%| O|  |TAMS 0x00000000a2200000, 0x00000000a2100000| Untracked 
|  34|0x00000000a2200000, 0x00000000a2300000, 0x00000000a2300000|100%| O|  |TAMS 0x00000000a2300000, 0x00000000a2200000| Untracked 
|  35|0x00000000a2300000, 0x00000000a2400000, 0x00000000a2400000|100%| O|  |TAMS 0x00000000a2400000, 0x00000000a2300000| Untracked 
|  36|0x00000000a2400000, 0x00000000a2500000, 0x00000000a2500000|100%|HS|  |TAMS 0x00000000a2500000, 0x00000000a2400000| Complete 
|  37|0x00000000a2500000, 0x00000000a2600000, 0x00000000a2600000|100%|HC|  |TAMS 0x00000000a2600000, 0x00000000a2500000| Complete 
|  38|0x00000000a2600000, 0x00000000a2700000, 0x00000000a2700000|100%| O|  |TAMS 0x00000000a2700000, 0x00000000a2600000| Untracked 
|  39|0x00000000a2700000, 0x00000000a2800000, 0x00000000a2800000|100%| O|  |TAMS 0x00000000a2800000, 0x00000000a2700000| Untracked 
|  40|0x00000000a2800000, 0x00000000a2900000, 0x00000000a2900000|100%| O|  |TAMS 0x00000000a28c2400, 0x00000000a2800000| Untracked 
|  41|0x00000000a2900000, 0x00000000a2921e00, 0x00000000a2a00000| 13%| O|  |TAMS 0x00000000a2900000, 0x00000000a2900000| Untracked 
|  42|0x00000000a2a00000, 0x00000000a2a00000, 0x00000000a2b00000|  0%| F|  |TAMS 0x00000000a2a00000, 0x00000000a2a00000| Untracked 
|  43|0x00000000a2b00000, 0x00000000a2b00000, 0x00000000a2c00000|  0%| F|  |TAMS 0x00000000a2b00000, 0x00000000a2b00000| Untracked 
|  44|0x00000000a2c00000, 0x00000000a2c00000, 0x00000000a2d00000|  0%| F|  |TAMS 0x00000000a2c00000, 0x00000000a2c00000| Untracked 
|  45|0x00000000a2d00000, 0x00000000a2d00000, 0x00000000a2e00000|  0%| F|  |TAMS 0x00000000a2d00000, 0x00000000a2d00000| Untracked 
|  46|0x00000000a2e00000, 0x00000000a2e00000, 0x00000000a2f00000|  0%| F|  |TAMS 0x00000000a2e00000, 0x00000000a2e00000| Untracked 
|  47|0x00000000a2f00000, 0x00000000a2f00000, 0x00000000a3000000|  0%| F|  |TAMS 0x00000000a2f00000, 0x00000000a2f00000| Untracked 
|  48|0x00000000a3000000, 0x00000000a3000000, 0x00000000a3100000|  0%| F|  |TAMS 0x00000000a3000000, 0x00000000a3000000| Untracked 
|  49|0x00000000a3100000, 0x00000000a3100000, 0x00000000a3200000|  0%| F|  |TAMS 0x00000000a3100000, 0x00000000a3100000| Untracked 
|  50|0x00000000a3200000, 0x00000000a3200000, 0x00000000a3300000|  0%| F|  |TAMS 0x00000000a3200000, 0x00000000a3200000| Untracked 
|  51|0x00000000a3300000, 0x00000000a3300000, 0x00000000a3400000|  0%| F|  |TAMS 0x00000000a3300000, 0x00000000a3300000| Untracked 
|  52|0x00000000a3400000, 0x00000000a3453650, 0x00000000a3500000| 32%| S|CS|TAMS 0x00000000a3400000, 0x00000000a3400000| Complete 
|  53|0x00000000a3500000, 0x00000000a3600000, 0x00000000a3600000|100%| S|CS|TAMS 0x00000000a3500000, 0x00000000a3500000| Complete 
|  54|0x00000000a3600000, 0x00000000a3600000, 0x00000000a3700000|  0%| F|  |TAMS 0x00000000a3600000, 0x00000000a3600000| Untracked 
|  55|0x00000000a3700000, 0x00000000a3700000, 0x00000000a3800000|  0%| F|  |TAMS 0x00000000a3700000, 0x00000000a3700000| Untracked 
|  56|0x00000000a3800000, 0x00000000a3800000, 0x00000000a3900000|  0%| F|  |TAMS 0x00000000a3800000, 0x00000000a3800000| Untracked 
|  57|0x00000000a3900000, 0x00000000a3900000, 0x00000000a3a00000|  0%| F|  |TAMS 0x00000000a3900000, 0x00000000a3900000| Untracked 
|  58|0x00000000a3a00000, 0x00000000a3a00000, 0x00000000a3b00000|  0%| F|  |TAMS 0x00000000a3a00000, 0x00000000a3a00000| Untracked 
|  59|0x00000000a3b00000, 0x00000000a3b00000, 0x00000000a3c00000|  0%| F|  |TAMS 0x00000000a3b00000, 0x00000000a3b00000| Untracked 
|  60|0x00000000a3c00000, 0x00000000a3c00000, 0x00000000a3d00000|  0%| F|  |TAMS 0x00000000a3c00000, 0x00000000a3c00000| Untracked 
|  61|0x00000000a3d00000, 0x00000000a3d00000, 0x00000000a3e00000|  0%| F|  |TAMS 0x00000000a3d00000, 0x00000000a3d00000| Untracked 
|  62|0x00000000a3e00000, 0x00000000a3e00000, 0x00000000a3f00000|  0%| F|  |TAMS 0x00000000a3e00000, 0x00000000a3e00000| Untracked 
|  63|0x00000000a3f00000, 0x00000000a3f00000, 0x00000000a4000000|  0%| F|  |TAMS 0x00000000a3f00000, 0x00000000a3f00000| Untracked 

Card table byte_map: [0x0000023ab0100000,0x0000023ab0400000] _byte_map_base: 0x0000023aafc00000

Marking Bits (Prev, Next): (CMBitMap*) 0x0000023a9cff9400, (CMBitMap*) 0x0000023a9cff93c8
 Prev Bits: [0x0000023ab1f00000, 0x0000023ab3700000)
 Next Bits: [0x0000023ab0700000, 0x0000023ab1f00000)

Polling page: 0x0000023a9afa0000

Metaspace:

Usage:
  Non-class:     48.72 MB capacity,    47.75 MB ( 98%) used,   854.21 KB (  2%) free+waste,   136.50 KB ( <1%) overhead. 
      Class:      7.33 MB capacity,     6.86 MB ( 94%) used,   418.40 KB (  6%) free+waste,    64.06 KB ( <1%) overhead. 
       Both:     56.05 MB capacity,    54.61 MB ( 97%) used,     1.24 MB (  2%) free+waste,   200.56 KB ( <1%) overhead. 

Virtual space:
  Non-class space:       50.00 MB reserved,      48.75 MB ( 98%) committed 
      Class space:        1.00 GB reserved,       7.38 MB ( <1%) committed 
             Both:        1.05 GB reserved,      56.13 MB (  5%) committed 

Chunk freelists:
   Non-Class:  30.00 KB
       Class:  0 bytes
        Both:  30.00 KB

MaxMetaspaceSize: 17179869184.00 GB
CompressedClassSpaceSize: 1.00 GB
Initial GC threshold: 20.80 MB
Current GC threshold: 91.25 MB
CDS: off

CodeHeap 'non-profiled nmethods': size=120000Kb used=3105Kb max_used=3105Kb free=116895Kb
 bounds [0x0000023aa85a0000, 0x0000023aa88b0000, 0x0000023aafad0000]
CodeHeap 'profiled nmethods': size=120000Kb used=12044Kb max_used=12044Kb free=107955Kb
 bounds [0x0000023aa1070000, 0x0000023aa1c40000, 0x0000023aa85a0000]
CodeHeap 'non-nmethods': size=5760Kb used=2315Kb max_used=2333Kb free=3444Kb
 bounds [0x0000023aa0ad0000, 0x0000023aa0d40000, 0x0000023aa1070000]
 total_blobs=6544 nmethods=5729 adapters=727
 compilation: enabled
              stopped_count=0, restarted_count=0
 full_count=0

Compilation events (20 events):
Event: 162.361 Thread 0x0000023ab6133800 5545  s    3       java.io.ByteArrayOutputStream::writeTo (14 bytes)
Event: 162.361 Thread 0x0000023ab6133800 nmethod 5545 0x0000023aa1ba8590 code [0x0000023aa1ba8760, 0x0000023aa1ba8aa8]
Event: 162.361 Thread 0x0000023ab6133800 5548       1       com.google.common.collect.CompactHashMap::size (5 bytes)
Event: 162.361 Thread 0x0000023ab6133800 nmethod 5548 0x0000023aa88a0910 code [0x0000023aa88a0ac0, 0x0000023aa88a0b78]
Event: 162.378 Thread 0x0000023ab6132800 nmethod 5546 0x0000023aa88a0c10 code [0x0000023aa88a0dc0, 0x0000023aa88a0fd8]
Event: 162.427 Thread 0x0000023ab6133800 5549       3       org.gradle.internal.reflect.JavaPropertyReflectionUtil::hasTypeVariable (267 bytes)
Event: 162.432 Thread 0x0000023ab6133800 nmethod 5549 0x0000023aa1ba8b90 code [0x0000023aa1ba8fa0, 0x0000023aa1bab348]
Event: 162.503 Thread 0x0000023ab6133800 5550       3       java.lang.reflect.AccessibleObject::verifyAccess (84 bytes)
Event: 162.504 Thread 0x0000023ab6133800 nmethod 5550 0x0000023aa1baba10 code [0x0000023aa1babc00, 0x0000023aa1bac228]
Event: 162.505 Thread 0x0000023ab6133800 5551       3       org.gradle.internal.instantiation.generator.AsmBackedClassGenerator$ClassBuilderImpl::addGetter (56 bytes)
Event: 162.505 Thread 0x0000023ab6132800 5552       4       org.objectweb.asm.ByteVector::put122 (93 bytes)
Event: 162.506 Thread 0x0000023ab6133800 nmethod 5551 0x0000023aa1bac390 code [0x0000023aa1bac5c0, 0x0000023aa1bacb28]
Event: 162.506 Thread 0x0000023ab6133800 5553       1       org.gradle.internal.instantiation.generator.AbstractClassGenerator$MethodMetadata::getGenericReturnType (5 bytes)
Event: 162.506 Thread 0x0000023ab6133800 nmethod 5553 0x0000023aa88a1190 code [0x0000023aa88a1340, 0x0000023aa88a13f8]
Event: 162.510 Thread 0x0000023ab6132800 nmethod 5552 0x0000023aa88a1490 code [0x0000023aa88a1640, 0x0000023aa88a1808]
Event: 162.593 Thread 0x0000023ab6133800 5554       3       java.lang.AbstractStringBuilder::append (67 bytes)
Event: 162.594 Thread 0x0000023ab6133800 nmethod 5554 0x0000023aa1bacd90 code [0x0000023aa1bacfa0, 0x0000023aa1bad488]
Event: 162.594 Thread 0x0000023ab6133800 5555       3       java.lang.AbstractStringBuilder::getBytes (44 bytes)
Event: 162.595 Thread 0x0000023ab6133800 nmethod 5555 0x0000023aa1bad610 code [0x0000023aa1bad7e0, 0x0000023aa1badab8]
Event: 162.773 Thread 0x0000023ab6132800 5556       4       java.util.jar.JarFile::getManifest (5 bytes)

GC Heap History (20 events):
Event: 144.157 GC heap before
{Heap before GC invocations=17 (full 0):
 garbage-first heap   total 65536K, used 44955K [0x00000000a0000000, 0x0000000100000000)
  region size 1024K, 18 young (18432K), 2 survivors (2048K)
 Metaspace       used 46553K, capacity 47722K, committed 47872K, reserved 1091584K
  class space    used 5943K, capacity 6375K, committed 6400K, reserved 1048576K
}
Event: 144.534 GC heap after
{Heap after GC invocations=18 (full 0):
 garbage-first heap   total 65536K, used 31662K [0x00000000a0000000, 0x0000000100000000)
  region size 1024K, 2 young (2048K), 2 survivors (2048K)
 Metaspace       used 46553K, capacity 47722K, committed 47872K, reserved 1091584K
  class space    used 5943K, capacity 6375K, committed 6400K, reserved 1048576K
}
Event: 145.489 GC heap before
{Heap before GC invocations=19 (full 0):
 garbage-first heap   total 65536K, used 32686K [0x00000000a0000000, 0x0000000100000000)
  region size 1024K, 3 young (3072K), 2 survivors (2048K)
 Metaspace       used 46553K, capacity 47722K, committed 47872K, reserved 1091584K
  class space    used 5943K, capacity 6375K, committed 6400K, reserved 1048576K
}
Event: 145.497 GC heap after
{Heap after GC invocations=20 (full 0):
 garbage-first heap   total 65536K, used 34071K [0x00000000a0000000, 0x0000000100000000)
  region size 1024K, 3 young (3072K), 3 survivors (3072K)
 Metaspace       used 46553K, capacity 47722K, committed 47872K, reserved 1091584K
  class space    used 5943K, capacity 6375K, committed 6400K, reserved 1048576K
}
Event: 150.060 GC heap before
{Heap before GC invocations=21 (full 0):
 garbage-first heap   total 65536K, used 38167K [0x00000000a0000000, 0x0000000100000000)
  region size 1024K, 8 young (8192K), 3 survivors (3072K)
 Metaspace       used 46570K, capacity 47722K, committed 47872K, reserved 1091584K
  class space    used 5943K, capacity 6375K, committed 6400K, reserved 1048576K
}
Event: 150.303 GC heap after
{Heap after GC invocations=22 (full 0):
 garbage-first heap   total 65536K, used 38055K [0x00000000a0000000, 0x0000000100000000)
  region size 1024K, 2 young (2048K), 2 survivors (2048K)
 Metaspace       used 46570K, capacity 47722K, committed 47872K, reserved 1091584K
  class space    used 5943K, capacity 6375K, committed 6400K, reserved 1048576K
}
Event: 153.105 GC heap before
{Heap before GC invocations=23 (full 0):
 garbage-first heap   total 65536K, used 49319K [0x00000000a0000000, 0x0000000100000000)
  region size 1024K, 11 young (11264K), 2 survivors (2048K)
 Metaspace       used 46712K, capacity 47992K, committed 48128K, reserved 1091584K
  class space    used 5962K, capacity 6381K, committed 6400K, reserved 1048576K
}
Event: 153.107 GC heap after
{Heap after GC invocations=24 (full 0):
 garbage-first heap   total 65536K, used 40980K [0x00000000a0000000, 0x0000000100000000)
  region size 1024K, 2 young (2048K), 2 survivors (2048K)
 Metaspace       used 46712K, capacity 47992K, committed 48128K, reserved 1091584K
  class space    used 5962K, capacity 6381K, committed 6400K, reserved 1048576K
}
Event: 157.155 GC heap before
{Heap before GC invocations=24 (full 0):
 garbage-first heap   total 65536K, used 49172K [0x00000000a0000000, 0x0000000100000000)
  region size 1024K, 10 young (10240K), 2 survivors (2048K)
 Metaspace       used 47291K, capacity 48614K, committed 48768K, reserved 1091584K
  class space    used 6048K, capacity 6502K, committed 6528K, reserved 1048576K
}
Event: 157.159 GC heap after
{Heap after GC invocations=25 (full 0):
 garbage-first heap   total 65536K, used 41366K [0x00000000a0000000, 0x0000000100000000)
  region size 1024K, 1 young (1024K), 1 survivors (1024K)
 Metaspace       used 47291K, capacity 48614K, committed 48768K, reserved 1091584K
  class space    used 6048K, capacity 6502K, committed 6528K, reserved 1048576K
}
Event: 158.978 GC heap before
{Heap before GC invocations=26 (full 0):
 garbage-first heap   total 65536K, used 48534K [0x00000000a0000000, 0x0000000100000000)
  region size 1024K, 9 young (9216K), 1 survivors (1024K)
 Metaspace       used 48203K, capacity 49450K, committed 49664K, reserved 1091584K
  class space    used 6148K, capacity 6610K, committed 6656K, reserved 1048576K
}
Event: 158.982 GC heap after
{Heap after GC invocations=27 (full 0):
 garbage-first heap   total 65536K, used 41526K [0x00000000a0000000, 0x0000000100000000)
  region size 1024K, 1 young (1024K), 1 survivors (1024K)
 Metaspace       used 48203K, capacity 49450K, committed 49664K, reserved 1091584K
  class space    used 6148K, capacity 6610K, committed 6656K, reserved 1048576K
}
Event: 159.846 GC heap before
{Heap before GC invocations=27 (full 0):
 garbage-first heap   total 65536K, used 50742K [0x00000000a0000000, 0x0000000100000000)
  region size 1024K, 10 young (10240K), 1 survivors (1024K)
 Metaspace       used 49278K, capacity 50638K, committed 50816K, reserved 1093632K
  class space    used 6270K, capacity 6749K, committed 6784K, reserved 1048576K
}
Event: 159.854 GC heap after
{Heap after GC invocations=28 (full 0):
 garbage-first heap   total 65536K, used 41764K [0x00000000a0000000, 0x0000000100000000)
  region size 1024K, 1 young (1024K), 1 survivors (1024K)
 Metaspace       used 49278K, capacity 50638K, committed 50816K, reserved 1093632K
  class space    used 6270K, capacity 6749K, committed 6784K, reserved 1048576K
}
Event: 160.790 GC heap before
{Heap before GC invocations=29 (full 0):
 garbage-first heap   total 65536K, used 50980K [0x00000000a0000000, 0x0000000100000000)
  region size 1024K, 10 young (10240K), 1 survivors (1024K)
 Metaspace       used 50405K, capacity 51744K, committed 51968K, reserved 1093632K
  class space    used 6407K, capacity 6884K, committed 6912K, reserved 1048576K
}
Event: 160.797 GC heap after
{Heap after GC invocations=30 (full 0):
 garbage-first heap   total 65536K, used 42228K [0x00000000a0000000, 0x0000000100000000)
  region size 1024K, 2 young (2048K), 2 survivors (2048K)
 Metaspace       used 50405K, capacity 51744K, committed 51968K, reserved 1093632K
  class space    used 6407K, capacity 6884K, committed 6912K, reserved 1048576K
}
Event: 161.768 GC heap before
{Heap before GC invocations=30 (full 0):
 garbage-first heap   total 65536K, used 51444K [0x00000000a0000000, 0x0000000100000000)
  region size 1024K, 11 young (11264K), 2 survivors (2048K)
 Metaspace       used 51645K, capacity 53088K, committed 53248K, reserved 1095680K
  class space    used 6581K, capacity 7076K, committed 7168K, reserved 1048576K
}
Event: 161.776 GC heap after
{Heap after GC invocations=31 (full 0):
 garbage-first heap   total 65536K, used 42731K [0x00000000a0000000, 0x0000000100000000)
  region size 1024K, 2 young (2048K), 2 survivors (2048K)
 Metaspace       used 51645K, capacity 53088K, committed 53248K, reserved 1095680K
  class space    used 6581K, capacity 7076K, committed 7168K, reserved 1048576K
}
Event: 162.743 GC heap before
{Heap before GC invocations=32 (full 0):
 garbage-first heap   total 65536K, used 51947K [0x00000000a0000000, 0x0000000100000000)
  region size 1024K, 11 young (11264K), 2 survivors (2048K)
 Metaspace       used 52910K, capacity 54284K, committed 54400K, reserved 1095680K
  class space    used 6707K, capacity 7218K, committed 7296K, reserved 1048576K
}
Event: 162.750 GC heap after
{Heap after GC invocations=33 (full 0):
 garbage-first heap   total 65536K, used 42789K [0x00000000a0000000, 0x0000000100000000)
  region size 1024K, 2 young (2048K), 2 survivors (2048K)
 Metaspace       used 52910K, capacity 54284K, committed 54400K, reserved 1095680K
  class space    used 6707K, capacity 7218K, committed 7296K, reserved 1048576K
}

Deoptimization events (20 events):
Event: 160.801 Thread 0x0000023ab6bf9000 Uncommon trap: trap_request=0xffffffde fr.pc=0x0000023aa86dc46c relative=0x000000000000052c
Event: 160.801 Thread 0x0000023ab6bf9000 Uncommon trap: reason=class_check action=maybe_recompile pc=0x0000023aa86dc46c method=jdk.internal.ref.PhantomCleanable.clean()V @ 12 c2
Event: 160.801 Thread 0x0000023ab6bf9000 DEOPT PACKING pc=0x0000023aa86dc46c sp=0x000000a3ffaff300
Event: 160.801 Thread 0x0000023ab6bf9000 DEOPT UNPACKING pc=0x0000023aa0b1a1af sp=0x000000a3ffaff2e0 mode 2
Event: 161.736 Thread 0x0000023ab6fdb000 Uncommon trap: trap_request=0xffffff4d fr.pc=0x0000023aa8898ad8 relative=0x0000000000000498
Event: 161.736 Thread 0x0000023ab6fdb000 Uncommon trap: reason=unstable_if action=reinterpret pc=0x0000023aa8898ad8 method=org.apache.xerces.util.SymbolTable.addSymbol([CII)Ljava/lang/String; @ 36 c2
Event: 161.736 Thread 0x0000023ab6fdb000 DEOPT PACKING pc=0x0000023aa8898ad8 sp=0x000000a3805f2140
Event: 161.736 Thread 0x0000023ab6fdb000 DEOPT UNPACKING pc=0x0000023aa0b1a1af sp=0x000000a3805f20b8 mode 2
Event: 162.261 Thread 0x0000023ab6fdb000 Uncommon trap: trap_request=0xffffffc6 fr.pc=0x0000023aa875a06c relative=0x0000000000000aec
Event: 162.261 Thread 0x0000023ab6fdb000 Uncommon trap: reason=bimorphic_or_optimized_type_check action=maybe_recompile pc=0x0000023aa875a06c method=java.util.Spliterators$IteratorSpliterator.tryAdvance(Ljava/util/function/Consumer;)Z @ 50 c2
Event: 162.261 Thread 0x0000023ab6fdb000 DEOPT PACKING pc=0x0000023aa875a06c sp=0x000000a3805f3110
Event: 162.261 Thread 0x0000023ab6fdb000 DEOPT UNPACKING pc=0x0000023aa0b1a1af sp=0x000000a3805f2f18 mode 2
Event: 162.261 Thread 0x0000023ab6fdb000 Uncommon trap: trap_request=0xffffffc6 fr.pc=0x0000023aa86f65a0 relative=0x00000000000002a0
Event: 162.261 Thread 0x0000023ab6fdb000 Uncommon trap: reason=bimorphic_or_optimized_type_check action=maybe_recompile pc=0x0000023aa86f65a0 method=java.util.Spliterators$IteratorSpliterator.tryAdvance(Ljava/util/function/Consumer;)Z @ 50 c2
Event: 162.261 Thread 0x0000023ab6fdb000 DEOPT PACKING pc=0x0000023aa86f65a0 sp=0x000000a3805f2f60
Event: 162.261 Thread 0x0000023ab6fdb000 DEOPT UNPACKING pc=0x0000023aa0b1a1af sp=0x000000a3805f2f10 mode 2
Event: 162.265 Thread 0x0000023ab6fdb000 Uncommon trap: trap_request=0xffffffc6 fr.pc=0x0000023aa875c008 relative=0x00000000000009a8
Event: 162.265 Thread 0x0000023ab6fdb000 Uncommon trap: reason=bimorphic_or_optimized_type_check action=maybe_recompile pc=0x0000023aa875c008 method=java.util.Spliterators$IteratorSpliterator.tryAdvance(Ljava/util/function/Consumer;)Z @ 50 c2
Event: 162.265 Thread 0x0000023ab6fdb000 DEOPT PACKING pc=0x0000023aa875c008 sp=0x000000a3805f2a20
Event: 162.266 Thread 0x0000023ab6fdb000 DEOPT UNPACKING pc=0x0000023aa0b1a1af sp=0x000000a3805f28a0 mode 2

Classes redefined (0 events):
No events

Internal exceptions (20 events):
Event: 152.105 Thread 0x0000023ab6fdb000 Exception <a 'java/lang/ClassNotFoundException'{0x00000000a3feed00}: org/gradle/api/internal/project/DefaultProject_DecoratedBeanInfo> (0x00000000a3feed00) thrown at [./src/hotspot/share/classfile/systemDictionary.cpp, line 231]
Event: 152.193 Thread 0x0000023ab6fdb000 Exception <a 'java/lang/ClassNotFoundException'{0x00000000a3e1af68}: org/gradle/api/internal/project/DefaultProjectBeanInfo> (0x00000000a3e1af68) thrown at [./src/hotspot/share/classfile/systemDictionary.cpp, line 231]
Event: 152.194 Thread 0x0000023ab6fdb000 Exception <a 'java/lang/ClassNotFoundException'{0x00000000a3e472d0}: org/gradle/api/internal/project/DefaultProjectCustomizer> (0x00000000a3e472d0) thrown at [./src/hotspot/share/classfile/systemDictionary.cpp, line 231]
Event: 152.215 Thread 0x0000023ab6fdb000 Exception <a 'java/lang/ClassNotFoundException'{0x00000000a3d01540}: org/gradle/api/internal/project/DefaultProject_DecoratedCustomizer> (0x00000000a3d01540) thrown at [./src/hotspot/share/classfile/systemDictionary.cpp, line 231]
Event: 152.889 Thread 0x0000023ab6fdb000 Exception <a 'java/lang/ClassNotFoundException'{0x00000000a3ce1518}: groovy/lang/GString$1BeanInfo> (0x00000000a3ce1518) thrown at [./src/hotspot/share/classfile/systemDictionary.cpp, line 231]
Event: 152.890 Thread 0x0000023ab6fdb000 Exception <a 'java/lang/ClassNotFoundException'{0x00000000a3b1e020}: groovy/lang/GStringBeanInfo> (0x00000000a3b1e020) thrown at [./src/hotspot/share/classfile/systemDictionary.cpp, line 231]
Event: 152.891 Thread 0x0000023ab6fdb000 Exception <a 'java/lang/ClassNotFoundException'{0x00000000a3b5aa70}: groovy/lang/GStringCustomizer> (0x00000000a3b5aa70) thrown at [./src/hotspot/share/classfile/systemDictionary.cpp, line 231]
Event: 152.893 Thread 0x0000023ab6fdb000 Exception <a 'java/lang/ClassNotFoundException'{0x00000000a3ba13c0}: groovy/lang/GString$1Customizer> (0x00000000a3ba13c0) thrown at [./src/hotspot/share/classfile/systemDictionary.cpp, line 231]
Event: 153.096 Thread 0x0000023ab6fdb000 Exception <a 'java/lang/ClassNotFoundException'{0x00000000a38f7f08}: org/codehaus/groovy/runtime/GStringImplBeanInfo> (0x00000000a38f7f08) thrown at [./src/hotspot/share/classfile/systemDictionary.cpp, line 231]
Event: 153.111 Thread 0x0000023ab6fdb000 Exception <a 'java/lang/ClassNotFoundException'{0x00000000a3eb5058}: org/codehaus/groovy/runtime/GStringImplCustomizer> (0x00000000a3eb5058) thrown at [./src/hotspot/share/classfile/systemDictionary.cpp, line 231]
Event: 155.466 Thread 0x0000023ab6fdb000 Exception <a 'java/lang/ClassNotFoundException'{0x00000000a3dbd9f8}: build_cclmfqs93hwr9w9f1ttyw7tzmBeanInfo> (0x00000000a3dbd9f8) thrown at [./src/hotspot/share/classfile/systemDictionary.cpp, line 231]
Event: 155.466 Thread 0x0000023ab6fdb000 Exception <a 'java/lang/ClassNotFoundException'{0x00000000a3dcd818}: build_cclmfqs93hwr9w9f1ttyw7tzmCustomizer> (0x00000000a3dcd818) thrown at [./src/hotspot/share/classfile/systemDictionary.cpp, line 231]
Event: 155.677 Thread 0x0000023ab6fdb000 Exception <a 'java/lang/ClassNotFoundException'{0x00000000a3c9f2f8}: org/gradle/api/internal/plugins/DefaultObjectConfigurationActionBeanInfo> (0x00000000a3c9f2f8) thrown at [./src/hotspot/share/classfile/systemDictionary.cpp, line 231]
Event: 155.679 Thread 0x0000023ab6fdb000 Exception <a 'java/lang/ClassNotFoundException'{0x00000000a3cd8870}: org/gradle/api/internal/plugins/DefaultObjectConfigurationActionCustomizer> (0x00000000a3cd8870) thrown at [./src/hotspot/share/classfile/systemDictionary.cpp, line 231]
Event: 159.260 Thread 0x0000023ab6fdb000 Exception <a 'java/lang/NoSuchMethodError'{0x00000000a3fcd500}: 'java.lang.Object java.lang.invoke.DirectMethodHandle$Holder.invokeSpecial(java.lang.Object, java.lang.Object, java.lang.Object, java.lang.Object, java.lang.Object, int)'> (0x00000000a3fcd500) thrown at [./src/hotspot/share/interpreter/linkResolver.cpp, line 773]
Event: 159.261 Thread 0x0000023ab6fdb000 Exception <a 'java/lang/NoSuchMethodError'{0x00000000a3fd2338}: 'java.lang.Object java.lang.invoke.Invokers$Holder.linkToTargetMethod(java.lang.Object, java.lang.Object, java.lang.Object, int, java.lang.Object)'> (0x00000000a3fd2338) thrown at [./src/hotspot/share/interpreter/linkResolver.cpp, line 773]
Event: 159.442 Thread 0x0000023ab6fdb000 Implicit null exception at 0x0000023aa883c335 to 0x0000023aa883c7e8
Event: 160.665 Thread 0x0000023ab6fdb000 Exception <a 'java/lang/NoSuchMethodError'{0x00000000a38cc6d8}: 'java.lang.Object java.lang.invoke.DirectMethodHandle$Holder.invokeSpecial(java.lang.Object, java.lang.Object, int, int, java.lang.Object, java.lang.Object, java.lang.Object)'> (0x00000000a38cc6d8) thrown at [./src/hotspot/share/interpreter/linkResolver.cpp, line 773]
Event: 160.666 Thread 0x0000023ab6fdb000 Exception <a 'java/lang/NoSuchMethodError'{0x00000000a38d16f8}: 'java.lang.Object java.lang.invoke.DelegatingMethodHandle$Holder.reinvoke_L(java.lang.Object, int, int, java.lang.Object, java.lang.Object, java.lang.Object)'> (0x00000000a38d16f8) thrown at [./src/hotspot/share/interpreter/linkResolver.cpp, line 773]
Event: 162.341 Thread 0x0000023ab6fdb000 Exception <a 'java/lang/NoSuchMethodError'{0x00000000a3df9210}: 'int java.lang.invoke.DirectMethodHandle$Holder.invokeInterface(java.lang.Object, java.lang.Object, java.lang.Object, java.lang.Object)'> (0x00000000a3df9210) thrown at [./src/hotspot/share/interpreter/linkResolver.cpp, line 773]

Events (20 events):
Event: 162.869 loading class com/google/common/cache/LocalCache$EntryFactory$4
Event: 162.869 loading class com/google/common/cache/LocalCache$EntryFactory$4 done
Event: 162.871 loading class com/google/common/cache/LocalCache$EntryFactory$5
Event: 162.871 loading class com/google/common/cache/LocalCache$EntryFactory$5 done
Event: 162.873 loading class com/google/common/cache/LocalCache$EntryFactory$6
Event: 162.873 loading class com/google/common/cache/LocalCache$EntryFactory$6 done
Event: 162.875 loading class com/google/common/cache/LocalCache$EntryFactory$7
Event: 162.875 loading class com/google/common/cache/LocalCache$EntryFactory$7 done
Event: 162.876 loading class com/google/common/cache/LocalCache$EntryFactory$8
Event: 162.876 loading class com/google/common/cache/LocalCache$EntryFactory$8 done
Event: 162.879 loading class com/google/common/cache/LocalCache$Segment
Event: 162.879 loading class com/google/common/cache/LocalCache$Segment done
Event: 162.888 loading class com/google/wireless/android/sdk/stats/JavaProcessStatsOrBuilder
Event: 162.888 loading class com/google/wireless/android/sdk/stats/JavaProcessStatsOrBuilder done
Event: 162.891 loading class com/google/wireless/android/sdk/stats/GradleBuildMemorySample$1
Event: 162.891 loading class com/google/wireless/android/sdk/stats/GradleBuildMemorySample$1 done
Event: 162.894 loading class com/google/wireless/android/sdk/stats/GradleBuildMemorySample$Builder
Event: 162.894 loading class com/google/wireless/android/sdk/stats/GradleBuildMemorySample$Builder done
Event: 162.902 loading class com/google/wireless/android/sdk/stats/JavaProcessStats
Event: 162.902 loading class com/google/wireless/android/sdk/stats/JavaProcessStats done


Dynamic libraries:
0x00007ff7db2e0000 - 0x00007ff7db2ea000 	C:\Program Files\Android\Android Studio\jre\bin\java.exe
0x00007ff9118a0000 - 0x00007ff911aa9000 	C:\WINDOWS\SYSTEM32\ntdll.dll
0x00007ff910f30000 - 0x00007ff910fee000 	C:\WINDOWS\System32\KERNEL32.DLL
0x00007ff90f340000 - 0x00007ff90f6bb000 	C:\WINDOWS\System32\KERNELBASE.dll
0x00007ff90ee00000 - 0x00007ff90ef11000 	C:\WINDOWS\System32\ucrtbase.dll
0x00007ff8fe5c0000 - 0x00007ff8fe5d7000 	C:\Program Files\Android\Android Studio\jre\bin\VCRUNTIME140.dll
0x00007ff90ade0000 - 0x00007ff90adf9000 	C:\Program Files\Android\Android Studio\jre\bin\jli.dll
0x00007ff911610000 - 0x00007ff9117bd000 	C:\WINDOWS\System32\USER32.dll
0x00007ff90f6c0000 - 0x00007ff90f6e6000 	C:\WINDOWS\System32\win32u.dll
0x00007ff910c30000 - 0x00007ff910c59000 	C:\WINDOWS\System32\GDI32.dll
0x00007ff90f220000 - 0x00007ff90f338000 	C:\WINDOWS\System32\gdi32full.dll
0x00007ff8fcbd0000 - 0x00007ff8fce75000 	C:\WINDOWS\WinSxS\amd64_microsoft.windows.common-controls_6595b64144ccf1df_6.0.22000.120_none_9d947278b86cc467\COMCTL32.dll
0x00007ff90f100000 - 0x00007ff90f19d000 	C:\WINDOWS\System32\msvcp_win.dll
0x00007ff90f850000 - 0x00007ff90f8f3000 	C:\WINDOWS\System32\msvcrt.dll
0x00007ff910ef0000 - 0x00007ff910f22000 	C:\WINDOWS\System32\IMM32.DLL
0x00007ff8ed790000 - 0x00007ff8ed82d000 	C:\Program Files\Android\Android Studio\jre\bin\msvcp140.dll
0x00007ff8dbc70000 - 0x00007ff8dc755000 	C:\Program Files\Android\Android Studio\jre\bin\server\jvm.dll
0x00007ff911560000 - 0x00007ff91160e000 	C:\WINDOWS\System32\ADVAPI32.dll
0x00007ff9112f0000 - 0x00007ff91138e000 	C:\WINDOWS\System32\sechost.dll
0x00007ff9111d0000 - 0x00007ff9112f0000 	C:\WINDOWS\System32\RPCRT4.dll
0x00007ff911550000 - 0x00007ff911558000 	C:\WINDOWS\System32\PSAPI.DLL
0x00007ff909a80000 - 0x00007ff909ab3000 	C:\WINDOWS\SYSTEM32\WINMM.dll
0x00007ff908620000 - 0x00007ff90862a000 	C:\WINDOWS\SYSTEM32\VERSION.dll
0x00007ff8ccff0000 - 0x00007ff8ccff9000 	C:\WINDOWS\SYSTEM32\WSOCK32.dll
0x00007ff9117c0000 - 0x00007ff91182f000 	C:\WINDOWS\System32\WS2_32.dll
0x00007ff90dd80000 - 0x00007ff90dd98000 	C:\WINDOWS\SYSTEM32\kernel.appcore.dll
0x00007ff8f92b0000 - 0x00007ff8f92c1000 	C:\Program Files\Android\Android Studio\jre\bin\verify.dll
0x00007ff8fd050000 - 0x00007ff8fd271000 	C:\WINDOWS\SYSTEM32\DBGHELP.DLL
0x00007ff8fe260000 - 0x00007ff8fe291000 	C:\WINDOWS\SYSTEM32\dbgcore.DLL
0x00007ff90f1a0000 - 0x00007ff90f21f000 	C:\WINDOWS\System32\bcryptPrimitives.dll
0x00007ff8f8740000 - 0x00007ff8f8769000 	C:\Program Files\Android\Android Studio\jre\bin\java.dll
0x00007ff90c150000 - 0x00007ff90c15b000 	C:\Program Files\Android\Android Studio\jre\bin\jimage.dll
0x00007ff8f8990000 - 0x00007ff8f89a8000 	C:\Program Files\Android\Android Studio\jre\bin\zip.dll
0x00007ff910300000 - 0x00007ff910ab7000 	C:\WINDOWS\System32\SHELL32.dll
0x00007ff90cdf0000 - 0x00007ff90d655000 	C:\WINDOWS\SYSTEM32\windows.storage.dll
0x00007ff90f9c0000 - 0x00007ff90fd38000 	C:\WINDOWS\System32\combase.dll
0x00007ff90cc80000 - 0x00007ff90cde6000 	C:\WINDOWS\SYSTEM32\wintypes.dll
0x00007ff911460000 - 0x00007ff91154a000 	C:\WINDOWS\System32\SHCORE.dll
0x00007ff90f6f0000 - 0x00007ff90f74d000 	C:\WINDOWS\System32\shlwapi.dll
0x00007ff90ec70000 - 0x00007ff90ec91000 	C:\WINDOWS\SYSTEM32\profapi.dll
0x00007ff8f8010000 - 0x00007ff8f802a000 	C:\Program Files\Android\Android Studio\jre\bin\net.dll
0x00007ff909610000 - 0x00007ff909724000 	C:\WINDOWS\SYSTEM32\WINHTTP.dll
0x00007ff90e230000 - 0x00007ff90e297000 	C:\WINDOWS\system32\mswsock.dll
0x00007ff8f7ff0000 - 0x00007ff8f8004000 	C:\Program Files\Android\Android Studio\jre\bin\nio.dll
0x00007ff90b370000 - 0x00007ff90b397000 	C:\Users\fidah\.gradle\native\8bec1ad78214c89d9ad589b4d07fe93259594b29d510b10fafb7a158f7737e5d\windows-amd64\native-platform.dll
0x00007ff8edbd0000 - 0x00007ff8edd0d000 	C:\Users\fidah\.gradle\native\53dbd7edfb1c66fb8903c78663c9afc45aea4f116125fa6feffd364cf09443e8\windows-amd64\native-platform-file-events.dll
0x00007ff90b280000 - 0x00007ff90b28a000 	C:\Program Files\Android\Android Studio\jre\bin\management.dll
0x00007ff9065b0000 - 0x00007ff9065bd000 	C:\Program Files\Android\Android Studio\jre\bin\management_ext.dll
0x00007ff90e4a0000 - 0x00007ff90e4b8000 	C:\WINDOWS\SYSTEM32\CRYPTSP.dll
0x00007ff90dce0000 - 0x00007ff90dd15000 	C:\WINDOWS\system32\rsaenh.dll
0x00007ff90e350000 - 0x00007ff90e379000 	C:\WINDOWS\SYSTEM32\USERENV.dll
0x00007ff90e630000 - 0x00007ff90e657000 	C:\WINDOWS\SYSTEM32\bcrypt.dll
0x00007ff90e4c0000 - 0x00007ff90e4cc000 	C:\WINDOWS\SYSTEM32\CRYPTBASE.dll
0x00007ff90d8b0000 - 0x00007ff90d8dd000 	C:\WINDOWS\SYSTEM32\IPHLPAPI.DLL
0x00007ff910c20000 - 0x00007ff910c29000 	C:\WINDOWS\System32\NSI.dll
0x00007ff909540000 - 0x00007ff909559000 	C:\WINDOWS\SYSTEM32\dhcpcsvc6.DLL
0x00007ff909e60000 - 0x00007ff909e7e000 	C:\WINDOWS\SYSTEM32\dhcpcsvc.DLL
0x00007ff90d8e0000 - 0x00007ff90d9c8000 	C:\WINDOWS\SYSTEM32\DNSAPI.dll

dbghelp: loaded successfully - version: 4.0.5 - missing functions: none
symbol engine: initialized successfully - sym options: 0x614 - pdb path: .;C:\Program Files\Android\Android Studio\jre\bin;C:\WINDOWS\SYSTEM32;C:\WINDOWS\WinSxS\amd64_microsoft.windows.common-controls_6595b64144ccf1df_6.0.22000.120_none_9d947278b86cc467;C:\Program Files\Android\Android Studio\jre\bin\server;C:\Users\fidah\.gradle\native\8bec1ad78214c89d9ad589b4d07fe93259594b29d510b10fafb7a158f7737e5d\windows-amd64;C:\Users\fidah\.gradle\native\53dbd7edfb1c66fb8903c78663c9afc45aea4f116125fa6feffd364cf09443e8\windows-amd64

VM Arguments:
jvm_args: --add-opens=java.base/java.util=ALL-UNNAMED --add-opens=java.base/java.lang=ALL-UNNAMED --add-opens=java.base/java.lang.invoke=ALL-UNNAMED --add-opens=java.base/java.util=ALL-UNNAMED --add-opens=java.prefs/java.util.prefs=ALL-UNNAMED --add-opens=java.prefs/java.util.prefs=ALL-UNNAMED --add-opens=java.base/java.nio.charset=ALL-UNNAMED --add-opens=java.base/java.net=ALL-UNNAMED --add-opens=java.base/java.util.concurrent.atomic=ALL-UNNAMED -Xmx1536M -Dfile.encoding=windows-1252 -Duser.country=IN -Duser.language=en -Duser.variant 
java_command: org.gradle.launcher.daemon.bootstrap.GradleDaemon 7.0.2
java_class_path (initial): C:\Users\fidah\.gradle\wrapper\dists\gradle-7.0.2-all\7era6s5ay7zsbhuvl0oc9g94s\gradle-7.0.2\lib\gradle-launcher-7.0.2.jar
Launcher Type: SUN_STANDARD

[Global flags]
     intx CICompilerCount                          = 4                                         {product} {ergonomic}
     uint ConcGCThreads                            = 2                                         {product} {ergonomic}
     uint G1ConcRefinementThreads                  = 8                                         {product} {ergonomic}
   size_t G1HeapRegionSize                         = 1048576                                   {product} {ergonomic}
    uintx GCDrainStackTargetSize                   = 64                                        {product} {ergonomic}
   size_t InitialHeapSize                          = 67108864                                  {product} {ergonomic}
   size_t MarkStackSize                            = 4194304                                   {product} {ergonomic}
   size_t MaxHeapSize                              = 1610612736                                {product} {command line}
   size_t MaxNewSize                               = 965738496                                 {product} {ergonomic}
   size_t MinHeapDeltaBytes                        = 1048576                                   {product} {ergonomic}
    uintx NonNMethodCodeHeapSize                   = 5836300                                {pd product} {ergonomic}
    uintx NonProfiledCodeHeapSize                  = 122910970                              {pd product} {ergonomic}
    uintx ProfiledCodeHeapSize                     = 122910970                              {pd product} {ergonomic}
    uintx ReservedCodeCacheSize                    = 251658240                              {pd product} {ergonomic}
     bool SegmentedCodeCache                       = true                                      {product} {ergonomic}
     bool UseCompressedClassPointers               = true                                 {lp64_product} {ergonomic}
     bool UseCompressedOops                        = true                                 {lp64_product} {ergonomic}
     bool UseG1GC                                  = true                                      {product} {ergonomic}
     bool UseLargePagesIndividualAllocation        = false                                  {pd product} {ergonomic}

Logging:
Log output configuration:
 #0: stdout all=warning uptime,level,tags
 #1: stderr all=off uptime,level,tags

Environment Variables:
JAVA_HOME=C:\Program Files\Android\Android Studio\jre
CLASSPATH=C:\Users\fidah\AndroidStudioProjects\mi_card_flutter_2\android\\gradle\wrapper\gradle-wrapper.jar
PATH=C:\WINDOWS\system32;C:\WINDOWS;C:\WINDOWS\System32\Wbem;C:\WINDOWS\System32\WindowsPowerShell\v1.0\;C:\WINDOWS\System32\OpenSSH\;C:\Program Files\Git\cmd;C:\Program Files (x86)\dotnet\;C:\Program Files\nodejs\;C:\Program Files\dotnet\;C:\Users\fidah\AppData\Local\Programs\Python\Python310\Scripts\;C:\Users\fidah\AppData\Local\Programs\Python\Python310\;C:\Users;;C:\Users\fidah\AppData\Local\Microsoft\WindowsApps;C:\Users\fidah\AppData\Roaming\npm;C:\Users\fidah\AppData\Local\Programs\Microsoft VS Code\bin;C:\src\flutter\flutter\bin\mingit\cmd
USERNAME=fidah
OS=Windows_NT
PROCESSOR_IDENTIFIER=Intel64 Family 6 Model 142 Stepping 10, GenuineIntel



---------------  S Y S T E M  ---------------

OS: Windows 10 , 64 bit Build 22000 (10.0.22000.1335)
OS uptime: 0 days 2:43 hours
Hyper-V role detected

CPU:total 8 (initial active 8) (4 cores per cpu, 2 threads per core) family 6 model 142 stepping 10 microcode 0xe0, cmov, cx8, fxsr, mmx, sse, sse2, sse3, ssse3, sse4.1, sse4.2, popcnt, avx, avx2, aes, clmul, erms, 3dnowpref, lzcnt, ht, tsc, tscinvbit, bmi1, bmi2, adx, fma

Memory: 4k page, system-wide physical 4005M (36M free)
TotalPageFile size 16293M (AvailPageFile size 0M)
current process WorkingSet (physical memory assigned to process): 29M, peak: 156M
current process commit charge ("private bytes"): 260M, peak: 273M

vm_info: OpenJDK 64-Bit Server VM (11.0.12+7-b1504.28-7817840) for windows-amd64 JRE (11.0.12+7-b1504.28-7817840), built on Oct 13 2021 22:12:33 by "builder" with MS VC++ 14.0 (VS2015)

END.
